<?xml version="1.0" encoding="UTF-8"?>
<testng-results skipped="0" failed="0" total="1" passed="1">
  <reporter-output>
  </reporter-output>
  <suite name="Default suite" duration-ms="34" started-at="2019-09-29T16:24:13Z" finished-at="2019-09-29T16:24:13Z">
    <groups>
    </groups>
    <test name="Default test" duration-ms="34" started-at="2019-09-29T16:24:13Z" finished-at="2019-09-29T16:24:13Z">
      <class name="com.git.tf.idf.calculation.TestDocumentScorealculationUtil">
        <test-method status="PASS" signature="testFileWrite()[pri:0, instance:com.git.tf.idf.calculation.TestDocumentScorealculationUtil@71471ecf]" name="testFileWrite" duration-ms="21" started-at="2019-09-29T21:54:13Z" finished-at="2019-09-29T21:54:13Z">
          <reporter-output>
          </reporter-output>
        </test-method> <!-- testFileWrite -->
      </class> <!-- com.git.tf.idf.calculation.TestDocumentScorealculationUtil -->
    </test> <!-- Default test -->
  </suite> <!-- Default suite -->
</testng-results>
